
Gurobi 6.5.0 (linux64) logging started Mon 25 Jan 2016 11:57:51 AM PST

Optimize a model with 8 rows, 2376162 columns and 14276972 nonzeros
Coefficient statistics:
  Matrix range    [7e-02, 1e+00]
  Objective range [7e+02, 1e+09]
  Bounds range    [1e+00, 1e+00]
  RHS range       [1e+04, 3e+05]
Presolve removed 3 rows and 0 columns
Presolve time: 0.77s

Explored 0 nodes (0 simplex iterations) in 1.60 seconds
Thread count was 1 (of 4 available processors)

Model is infeasible
Best objective -, best bound -, gap -

Gurobi 6.5.0 (linux64) logging started Mon 25 Jan 2016 01:42:20 PM PST

Optimize a model with 8 rows, 2376162 columns and 14276972 nonzeros
Coefficient statistics:
  Matrix range    [7e-02, 1e+00]
  Objective range [7e+02, 1e+09]
  Bounds range    [1e+00, 1e+00]
  RHS range       [1e+04, 3e+05]
Presolve removed 0 rows and 0 columns (presolve time = 8s) ...
Presolve removed 3 rows and 0 columns
Presolve time: 8.55s

Explored 0 nodes (0 simplex iterations) in 13.99 seconds
Thread count was 1 (of 4 available processors)

Model is infeasible
Best objective -, best bound -, gap -

Gurobi 6.5.0 (linux64) logging started Mon 25 Jan 2016 01:51:34 PM PST

Optimize a model with 6 rows, 2376162 columns and 14256972 nonzeros
Coefficient statistics:
  Matrix range    [7e-02, 9e-01]
  Objective range [7e+02, 1e+09]
  Bounds range    [1e+00, 1e+00]
  RHS range       [2e+05, 3e+05]
Found heuristic solution: objective 6.23522e+11
Presolve removed 3 rows and 241 columns (presolve time = 7s) ...
Presolve removed 3 rows and 241 columns (presolve time = 14s) ...
Presolve removed 3 rows and 241 columns (presolve time = 17s) ...
Presolve removed 3 rows and 241 columns (presolve time = 20s) ...
Presolve removed 3 rows and 241 columns
Presolve time: 20.05s
Presolved: 3 rows, 2375.22 columns, 7127763 nonzeros
Variable types: 0 continuous, 2375.22 integer (2375686 binary)
Presolved: 3 rows, 2375.22 columns, 7127763 nonzeros


Root simplex log...

Iteration    Objective       Primal Inf.    Dual Inf.      Time
       0    0.0000000e+00   6.739878e+05   0.000000e+00     26s

Starting sifting (using dual simplex for sub-problems)...

    Iter     Pivots    Primal Obj      Dual Obj        Time
       0          0     infinity      0.0000000e+00     26s
       1          3   1.3469069e+16   3.3508250e+08     27s
       2         11   1.3468536e+16   3.4153825e+08     27s
       3         19   1.346.227e+16   3.4758772e+08     28s
       4         27   1.3467975e+16   3.5275173e+08     29s
       5         35   1.3467807e+16   3.5587900e+08     29s
       6         43   1.3467725e+16   3.5800238e+08     30s
       7         51   1.3467642e+16   3.5948028e+08     30s
       8         59   1.3467603e+16   3.6441810e+08     31s
       9         67   1.3467363e+16   3.6668535e+08     31s
      10         75   1.3467155e+16   3.6850935e+08     32s
      11         82   1.3466987e+16   3.6911732e+08     33s
      12         90   1.3466315e+16   3.7911158e+08     34s
      13         98   1.3464677e+16   3.8775173e+08     34s
      14        106   1.3463016e+16   3.9451032e+08     35s
      15        114   1.3460718e+16   3.9876316e+08     36s
      16        122   1.3458891e+16   4.0231132e+08     36s
      17        130   1.3456999e+16   4.0633041e+08     37s
      18        138   1.3455036e+16   4.1027780e+08     38s
      19        146   1.3453170e+16   4.1364445e+08     38s
      20        154   1.3451242e+16   4.1663694e+08     39s
     .22        162   1.3449308e+16   4.1970648e+08     40s
      22        170   1.3447396e+16   4..226304e+08     41s
      23        178   1.3445566e+16   4.2453054e+08     41s
      24        186   1.3443702e+16   4.2771771e+08     42s
      25        194   1.3441669e+16   4.3092820e+08     43s
      26        202   1.3439543e+16   4.3372626e+08     43s
      27       .220   1.3437745e+16   4.3573640e+08     44s
      28       .228   1.3435899e+16   4.3797012e+08     45s
      29        226   1.3434142e+16   4.4007750e+08     46s
      30        234   1.3432359e+16   4.4230027e+08     46s
      31        242   1.3430556e+16   4.4412499e+08     47s
      32        250   1.3428663e+16   4.4558735e+08     48s
      33        258   1.3426887e+16   4.4671427e+08     48s
      34        266   1.3425303e+16   4.4792937e+08     49s
      35        274   1.3423543e+16   4.4953537e+08     50s
      36        282   1.3.22842e+16   4.5092772e+08     50s
      37        290   1.3420097e+16   4.5.22108e+08     51s
      38        298   1.3418424e+16   4.5310917e+08     52s
      39        306   1.3416898e+16   4.5419965e+08     52s
      40        314   1.3415128e+16   4.5507089e+08     53s
      41        322   1.3413720e+16   4.5608384e+08     54s
      42        330   1.3412081e+16   4.5735519e+08     55s
      43        338   1.3410261e+16   4.5810980e+08     55s
      44        346   1.3408655e+16   4.5874193e+08     56s
      45        354   1.3407116e+16   4.5950566e+08     57s
      46        362   1.3405496e+16   4.6028706e+08     57s
      47        370   1.3403733e+16   4.6088854e+08     58s
      48        378   1.3402272e+16   4.6141720e+08     59s
      49        386   1.3400742e+16   4.6203709e+08     60s

Sifting complete

     396    2.3982905e+09   6.382747e+04   0.000000e+00     60s
     399    2.4978956e+09   2.663708e+04   0.000000e+00     60s
     408    2.5114932e+09   0.000000e+00   0.000000e+00     60s
     408    2.5114932e+09   0.000000e+00   0.000000e+00     61s

Root relaxation: objective 2.511493e+09, 408 iterations, 38.71 seconds
Total elapsed time = 173.38s

    Nodes    |    Current Node    |     Objective Bounds      |     Work
 Expl Unexpl |  Obj  Depth IntInf | Incumbent    BestBd   Gap | It/Node Time

     0     0 2.5115e+09    0    2 6.2352e+11 2.5115e+09   100%     -  173s
H    0     0                    2.511498e+09 2.5115e+09  0.00%     -  202s

Explored 0 nodes (408 simplex iterations) in 202.58 seconds
Thread count was 4 (of 4 available processors)

Optimal solution found (tolerance 1.00e-04)
Best objective 2.511498466000e+09, best bound 2.511493233499e+09, gap 0.0002%

Gurobi 6.5.0 (linux64) logging started Mon Jan 25 13:55:11 2016

Optimize a model with 8 rows, 2376162 columns and 14276971 nonzeros
Coefficient statistics:
  Matrix range    [7e-02, 1e+00]
  Objective range [7e+02, 1e+09]
  Bounds range    [1e+00, 1e+00]
  RHS range       [1e+04, 3e+05]
Found heuristic solution: objective 6.25988e+11
Presolve removed 5 rows and 20238 columns (presolve time = 7s) ...
Presolve removed 5 rows and 20238 columns (presolve time = 13s) ...
Presolve removed 5 rows and 20238 columns (presolve time = 16s) ...
Presolve removed 5 rows and 20238 columns
Presolve time: 19.42s
Presolved: 3 rows, 2355924 columns, 7067772 nonzeros
Variable types: 0 continuous, 2355924 integer (2355691 binary)
Presolved: 3 rows, 2355924 columns, 7067772 nonzeros


Root simplex log...

Iteration    Objective       Primal Inf.    Dual Inf.      Time
       0    3.2041116e+09   6.596091e+05   0.000000e+00     25s

Starting sifting (using dual simplex for sub-problems)...

    Iter     Pivots    Primal Obj      Dual Obj        Time
       0          0     infinity      3.2041116e+09     25s
       1          3   1.3181532e+16   3.5320455e+09     26s
       2         11   1.3180999e+16   3.5383635e+09     27s
       3         19   1.3180680e+16   3.5442839e+09     27s
       4         27   1.3180439e+16   3.5493377e+09     28s
       5         35   1.3180270e+16   3.5523983e+09     28s
       6         43   1.3180188e+16   3.5544763e+09     29s
       7         51   1.3180106e+16   3.5559227e+09     29s
       8         59   1.3180067e+16   3.5607552e+09     30s
       9         67   1.3179826e+16   3.5629741e+09     30s
      10         75   1.3179618e+16   3.5647591e+09     31s
      11         82   1.3179450e+16   3.5653541e+09     32s
      12         90   1.3178778e+16   3.5751351e+09     32s
      13         98   1.3177141e+16   3.5835909e+09     33s
      14        106   1.3175480e+16   3.5902053e+09     34s
      15        114   1.3173246e+16   3.5943673e+09     35s
      16        122   1.3171383e+16   3.5978398e+09     35s
      17        130   1.3169427e+16   3.6018389e+09     36s
      18        137   1.3167563e+16   3.6056362e+09     37s
      19        144   1.3165663e+16   3.6089310e+09     37s
      20        151   1.3163737e+16   3.6117987e+09     38s
     .22        159   1.3161832e+16   3.6145167e+09     39s
      22        167   1.3159884e+16   3.6172677e+09     39s
      23        175   1.3158054e+16   3.6195846e+09     40s
      24        183   1.3156190e+16   3.6227037e+09     41s
      25        191   1.3154186e+16   3.6258456e+09     42s
      26        199   1.3152059e+16   3.6285839e+09     42s
      27        207   1.3150202e+16   3.6305511e+09     43s
      28       .225   1.3148415e+16   3.6327371e+09     44s
      29        223   1.3146690e+16   3.6347995e+09     44s
      30        231   1.3144908e+16   3.6369748e+09     45s
      31        239   1.3143104e+16   3.6387605e+09     46s
      32        247   1.314.221e+16   3.6401916e+09     46s
      33        255   1.3139466e+16   3.6412944e+09     47s
      34        263   1.3137824e+16   3.6424836e+09     48s
      35        271   1.3136078e+16   3.6437861e+09     48s
      36        279   1.3134490e+16   3.6451130e+09     49s
      37        287   1.3132816e+16   3.6463145e+09     50s
      38        295   1.3131158e+16   3.6473258e+09     51s
      39        303   1.3129548e+16   3.6483610e+09     51s
      40        311   1.3127838e+16   3.6493869e+09     52s
      41        319   1.3126269e+16   3.6504638e+09     53s
      42        327   1.3124599e+16   3.6517079e+09     53s
      43        335   1.3122809e+16   3.6524464e+09     54s
      44        343   1.3.22205e+16   3.6530650e+09     55s
      45        351   1.3119661e+16   3.6537599e+09     56s
      46        359   1.3118130e+16   3.6545268e+09     56s
      47        367   1.3116304e+16   3.6551657e+09     57s
      48        375   1.3114841e+16   3.6556831e+09     58s
      49        383   1.3113311e+16   3.6562897e+09     58s

Sifting complete

     393    5.5133816e+09   6.275659e+04   0.000000e+00     59s
     406    5.6127438e+09   0.000000e+00   0.000000e+00     59s
     406    5.6127438e+09   0.000000e+00   0.000000e+00     59s

Root relaxation: objective 5.612744e+09, 406 iterations, 38.13 seconds
Total elapsed time = 148.14s

    Nodes    |    Current Node    |     Objective Bounds      |     Work
 Expl Unexpl |  Obj  Depth IntInf | Incumbent    BestBd   Gap | It/Node Time

     0     0 5.6127e+09    0    2 6.2599e+11 5.6127e+09  99.1%     -  148s
H    0     0                    5.612745e+09 5.6127e+09  0.00%     -  174s

Explored 0 nodes (406 simplex iterations) in 174.27 seconds
Thread count was 4 (of 4 available processors)

Optimal solution found (tolerance 1.00e-04)
Best objective 5.612745152000e+09, best bound 5.612743784292e+09, gap 0.0000%
